<?xml version="1.0" encoding="UTF-8"?>
<testsuite xmlns:xsi="http://www.w3.org/2001/XMLSchema-instance" xsi:noNamespaceSchemaLocation="https://maven.apache.org/surefire/maven-surefire-plugin/xsd/surefire-test-report.xsd" name="TestSuite" time="66.018" tests="23" errors="0" skipped="0" failures="2">
  <properties>
    <property name="sun.desktop" value="windows"/>
    <property name="awt.toolkit" value="sun.awt.windows.WToolkit"/>
    <property name="java.specification.version" value="11"/>
    <property name="sun.cpu.isalist" value="amd64"/>
    <property name="sun.jnu.encoding" value="Cp1252"/>
    <property name="java.class.path" value="C:\Users\rebe2\OneDrive\Documents\GitHub\api_test\target\test-classes;C:\Users\rebe2\OneDrive\Documents\GitHub\api_test\target\classes;C:\Users\rebe2\.m2\repository\org\testng\testng\7.4.0\testng-7.4.0.jar;C:\Users\rebe2\.m2\repository\com\beust\jcommander\1.78\jcommander-1.78.jar;C:\Users\rebe2\.m2\repository\org\webjars\jquery\3.5.1\jquery-3.5.1.jar;C:\Users\rebe2\.m2\repository\com\fasterxml\jackson\core\jackson-core\2.11.3\jackson-core-2.11.3.jar;C:\Users\rebe2\.m2\repository\com\fasterxml\jackson\core\jackson-databind\2.6.0\jackson-databind-2.6.0.jar;C:\Users\rebe2\.m2\repository\com\fasterxml\jackson\core\jackson-annotations\2.6.0\jackson-annotations-2.6.0.jar;C:\Users\rebe2\.m2\repository\io\rest-assured\rest-assured\4.4.0\rest-assured-4.4.0.jar;C:\Users\rebe2\.m2\repository\org\codehaus\groovy\groovy\3.0.8\groovy-3.0.8.jar;C:\Users\rebe2\.m2\repository\org\codehaus\groovy\groovy-xml\3.0.8\groovy-xml-3.0.8.jar;C:\Users\rebe2\.m2\repository\org\apache\httpcomponents\httpclient\4.5.13\httpclient-4.5.13.jar;C:\Users\rebe2\.m2\repository\org\apache\httpcomponents\httpcore\4.4.13\httpcore-4.4.13.jar;C:\Users\rebe2\.m2\repository\commons-logging\commons-logging\1.2\commons-logging-1.2.jar;C:\Users\rebe2\.m2\repository\commons-codec\commons-codec\1.11\commons-codec-1.11.jar;C:\Users\rebe2\.m2\repository\org\apache\httpcomponents\httpmime\4.5.13\httpmime-4.5.13.jar;C:\Users\rebe2\.m2\repository\org\hamcrest\hamcrest\2.1\hamcrest-2.1.jar;C:\Users\rebe2\.m2\repository\org\ccil\cowan\tagsoup\tagsoup\1.2.1\tagsoup-1.2.1.jar;C:\Users\rebe2\.m2\repository\io\rest-assured\json-path\4.4.0\json-path-4.4.0.jar;C:\Users\rebe2\.m2\repository\org\codehaus\groovy\groovy-json\3.0.8\groovy-json-3.0.8.jar;C:\Users\rebe2\.m2\repository\io\rest-assured\rest-assured-common\4.4.0\rest-assured-common-4.4.0.jar;C:\Users\rebe2\.m2\repository\io\rest-assured\xml-path\4.4.0\xml-path-4.4.0.jar;C:\Users\rebe2\.m2\repository\org\apache\commons\commons-lang3\3.11\commons-lang3-3.11.jar;C:\Users\rebe2\.m2\repository\jakarta\xml\bind\jakarta.xml.bind-api\2.3.3\jakarta.xml.bind-api-2.3.3.jar;C:\Users\rebe2\.m2\repository\jakarta\activation\jakarta.activation-api\1.2.2\jakarta.activation-api-1.2.2.jar;C:\Users\rebe2\.m2\repository\com\sun\xml\bind\jaxb-impl\2.3.3\jaxb-impl-2.3.3.jar;C:\Users\rebe2\.m2\repository\org\apache\maven\surefire\surefire-testng-utils\2.22.0\surefire-testng-utils-2.22.0.jar;C:\Users\rebe2\.m2\repository\org\apache\maven\surefire\surefire-grouper\2.22.0\surefire-grouper-2.22.0.jar;"/>
    <property name="java.vm.vendor" value="Oracle Corporation"/>
    <property name="sun.arch.data.model" value="64"/>
    <property name="user.variant" value=""/>
    <property name="java.vendor.url" value="https://openjdk.java.net/"/>
    <property name="user.timezone" value="America/Regina"/>
    <property name="java.vm.specification.version" value="11"/>
    <property name="os.name" value="Windows 10"/>
    <property name="sun.java.launcher" value="SUN_STANDARD"/>
    <property name="user.country" value="CR"/>
    <property name="sun.boot.library.path" value="C:\Program Files\Java\jdk-11.0.10\bin"/>
    <property name="sun.java.command" value="C:\Users\rebe2\AppData\Local\Temp\surefire12374873818919228127\surefirebooter13046374927954504489.jar C:\Users\rebe2\AppData\Local\Temp\surefire12374873818919228127 2021-08-19T19-13-26_670-jvmRun1 surefire13991856542789970256tmp surefire_012936185441630903764tmp"/>
    <property name="jdk.debug" value="release"/>
    <property name="surefire.test.class.path" value="C:\Users\rebe2\OneDrive\Documents\GitHub\api_test\target\test-classes;C:\Users\rebe2\OneDrive\Documents\GitHub\api_test\target\classes;C:\Users\rebe2\.m2\repository\org\testng\testng\7.4.0\testng-7.4.0.jar;C:\Users\rebe2\.m2\repository\com\beust\jcommander\1.78\jcommander-1.78.jar;C:\Users\rebe2\.m2\repository\org\webjars\jquery\3.5.1\jquery-3.5.1.jar;C:\Users\rebe2\.m2\repository\com\fasterxml\jackson\core\jackson-core\2.11.3\jackson-core-2.11.3.jar;C:\Users\rebe2\.m2\repository\com\fasterxml\jackson\core\jackson-databind\2.6.0\jackson-databind-2.6.0.jar;C:\Users\rebe2\.m2\repository\com\fasterxml\jackson\core\jackson-annotations\2.6.0\jackson-annotations-2.6.0.jar;C:\Users\rebe2\.m2\repository\io\rest-assured\rest-assured\4.4.0\rest-assured-4.4.0.jar;C:\Users\rebe2\.m2\repository\org\codehaus\groovy\groovy\3.0.8\groovy-3.0.8.jar;C:\Users\rebe2\.m2\repository\org\codehaus\groovy\groovy-xml\3.0.8\groovy-xml-3.0.8.jar;C:\Users\rebe2\.m2\repository\org\apache\httpcomponents\httpclient\4.5.13\httpclient-4.5.13.jar;C:\Users\rebe2\.m2\repository\org\apache\httpcomponents\httpcore\4.4.13\httpcore-4.4.13.jar;C:\Users\rebe2\.m2\repository\commons-logging\commons-logging\1.2\commons-logging-1.2.jar;C:\Users\rebe2\.m2\repository\commons-codec\commons-codec\1.11\commons-codec-1.11.jar;C:\Users\rebe2\.m2\repository\org\apache\httpcomponents\httpmime\4.5.13\httpmime-4.5.13.jar;C:\Users\rebe2\.m2\repository\org\hamcrest\hamcrest\2.1\hamcrest-2.1.jar;C:\Users\rebe2\.m2\repository\org\ccil\cowan\tagsoup\tagsoup\1.2.1\tagsoup-1.2.1.jar;C:\Users\rebe2\.m2\repository\io\rest-assured\json-path\4.4.0\json-path-4.4.0.jar;C:\Users\rebe2\.m2\repository\org\codehaus\groovy\groovy-json\3.0.8\groovy-json-3.0.8.jar;C:\Users\rebe2\.m2\repository\io\rest-assured\rest-assured-common\4.4.0\rest-assured-common-4.4.0.jar;C:\Users\rebe2\.m2\repository\io\rest-assured\xml-path\4.4.0\xml-path-4.4.0.jar;C:\Users\rebe2\.m2\repository\org\apache\commons\commons-lang3\3.11\commons-lang3-3.11.jar;C:\Users\rebe2\.m2\repository\jakarta\xml\bind\jakarta.xml.bind-api\2.3.3\jakarta.xml.bind-api-2.3.3.jar;C:\Users\rebe2\.m2\repository\jakarta\activation\jakarta.activation-api\1.2.2\jakarta.activation-api-1.2.2.jar;C:\Users\rebe2\.m2\repository\com\sun\xml\bind\jaxb-impl\2.3.3\jaxb-impl-2.3.3.jar;C:\Users\rebe2\.m2\repository\org\apache\maven\surefire\surefire-testng-utils\2.22.0\surefire-testng-utils-2.22.0.jar;C:\Users\rebe2\.m2\repository\org\apache\maven\surefire\surefire-grouper\2.22.0\surefire-grouper-2.22.0.jar;"/>
    <property name="sun.cpu.endian" value="little"/>
    <property name="user.home" value="C:\Users\rebe2"/>
    <property name="user.language" value="es"/>
    <property name="java.specification.vendor" value="Oracle Corporation"/>
    <property name="java.version.date" value="2021-01-19"/>
    <property name="java.home" value="C:\Program Files\Java\jdk-11.0.10"/>
    <property name="file.separator" value="\"/>
    <property name="basedir" value="C:\Users\rebe2\OneDrive\Documents\GitHub\api_test"/>
    <property name="java.vm.compressedOopsMode" value="32-bit"/>
    <property name="line.separator" value="&#10;"/>
    <property name="java.specification.name" value="Java Platform API Specification"/>
    <property name="java.vm.specification.vendor" value="Oracle Corporation"/>
    <property name="java.awt.graphicsenv" value="sun.awt.Win32GraphicsEnvironment"/>
    <property name="surefire.real.class.path" value="C:\Users\rebe2\AppData\Local\Temp\surefire12374873818919228127\surefirebooter13046374927954504489.jar"/>
    <property name="user.script" value=""/>
    <property name="sun.management.compiler" value="HotSpot 64-Bit Tiered Compilers"/>
    <property name="java.runtime.version" value="11.0.10+8-LTS-162"/>
    <property name="user.name" value="rebe2"/>
    <property name="path.separator" value=";"/>
    <property name="os.version" value="10.0"/>
    <property name="java.runtime.name" value="Java(TM) SE Runtime Environment"/>
    <property name="file.encoding" value="Cp1252"/>
    <property name="java.vm.name" value="Java HotSpot(TM) 64-Bit Server VM"/>
    <property name="java.vendor.version" value="18.9"/>
    <property name="localRepository" value="C:\Users\rebe2\.m2\repository"/>
    <property name="java.vendor.url.bug" value="https://bugreport.java.com/bugreport/"/>
    <property name="java.io.tmpdir" value="C:\Users\rebe2\AppData\Local\Temp\"/>
    <property name="java.version" value="11.0.10"/>
    <property name="user.dir" value="C:\Users\rebe2\OneDrive\Documents\GitHub\api_test"/>
    <property name="os.arch" value="amd64"/>
    <property name="java.vm.specification.name" value="Java Virtual Machine Specification"/>
    <property name="java.awt.printerjob" value="sun.awt.windows.WPrinterJob"/>
    <property name="sun.os.patch.level" value=""/>
    <property name="java.library.path" value="C:\Program Files\Java\jdk-11.0.10\bin;C:\WINDOWS\Sun\Java\bin;C:\WINDOWS\system32;C:\WINDOWS;C:\Program Files\Common Files\Oracle\Java\javapath;C:\Program Files (x86)\Common Files\Oracle\Java\javapath;C:\WINDOWS\system32;C:\WINDOWS;C:\WINDOWS\System32\Wbem;C:\WINDOWS\System32\WindowsPowerShell\v1.0\;C:\WINDOWS\System32\OpenSSH\;C:\Program Files\Java\jdk1.8.0_251\bin;C:\Program Files\Git\cmd;C:\Program Files\Git\mingw64\bin;C:\Program Files\Git\usr\bin;C:\Program Files\nodejs\;C:\Users\rebe2\AppData\Local\Programs\Python\Python38-32\Scripts\;C:\Users\rebe2\AppData\Local\Programs\Python\Python38-32\;C:\Users\rebe2\AppData\Local\Microsoft\WindowsApps;C:\Users\rebe2\AppData\Local\Programs\Microsoft VS Code\bin;C:\Users\rebe2\AppData\Local\GitHubDesktop\bin;C:\Users\rebe2\AppData\Roaming\npm;C:\Program Files\JetBrains\IntelliJ IDEA 2021.1.3\bin;;C:\Program Files\apache-maven-3.8.2\bin;;."/>
    <property name="java.vendor" value="Oracle Corporation"/>
    <property name="java.vm.info" value="mixed mode"/>
    <property name="java.vm.version" value="11.0.10+8-LTS-162"/>
    <property name="sun.io.unicode.encoding" value="UnicodeLittle"/>
    <property name="java.class.version" value="55.0"/>
  </properties>
  <testcase name="Create_Comment_Successful" classname="CommentsTests" time="18.469"/>
  <testcase name="Create_Post_Successful" classname="PostTests" time="0"/>
  <testcase name="Create_Post_UnSuccessful" classname="PostTests" time="2.011"/>
  <testcase name="Create_Comment_UnSuccessful" classname="CommentsTests" time="3.778"/>
  <testcase name="Delete_Post_Successful" classname="PostTests" time="1.884"/>
  <testcase name="Delete_Post_UnSuccessful" classname="PostTests" time="2.632"/>
  <testcase name="Delete_Comment_Successful" classname="CommentsTests" time="0.61"/>
  <testcase name="Delete_Comment_UnSuccessful" classname="CommentsTests" time="0.918"/>
  <testcase name="Test_GET_Invalid_Post" classname="PostTests" time="0"/>
  <testcase name="Test_GET_Post" classname="PostTests" time="8.765"/>
  <testcase name="Test_GET_Comment" classname="CommentsTests" time="3.729"/>
  <testcase name="Test_GET_Posts" classname="PostTests" time="6.357"/>
  <testcase name="Test_GET_Comments" classname="CommentsTests" time="0.047"/>
  <testcase name="Test_GET_Comments_Invalid" classname="CommentsTests" time="0.102"/>
  <testcase name="Test_GET_Posts_Invalid" classname="PostTests" time="0.067"/>
  <testcase name="Test_GET_Invalid_Comment" classname="CommentsTests" time="0.058"/>
  <testcase name="Update_Invalid_Post" classname="PostTests" time="0.651">
    <failure message="1 expectation failed.&#10;Expected status code &lt;406&gt; but was &lt;200&gt;.&#10;" type="java.lang.AssertionError"><![CDATA[java.lang.AssertionError: 
1 expectation failed.
Expected status code <406> but was <200>.

	at PostTests.Update_Invalid_Post(PostTests.java:150)
]]></failure>
    <system-out><![CDATA[HTTP/1.1 200 OK
Server: Cowboy
Connection: keep-alive
Access-Control-Allow-Credentials: true
Access-Control-Allow-Headers: X-Requested-With, Content-Type, Origin, Authorization, Accept, Client-Security-Token, Accept-Encoding, x-access-token
Access-Control-Allow-Methods: POST, GET, OPTIONS, PUT, DELETE, UPDATE
Access-Control-Allow-Origin: http://localhost
Access-Control-Expose-Headers: Content-Length
Access-Control-Max-Age: 86400
Content-Encoding: gzip
Content-Type: application/json; charset=utf-8
Vary: Accept-Encoding
X-Request-Id: fd3b5156-8dac-4812-894f-2009cb382e34
Date: Fri, 20 Aug 2021 01:14:29 GMT
Content-Length: 50
Via: 1.1 vegur

{
    "message": "Post updated"
}
]]></system-out>
  </testcase>
  <testcase name="Update_Post" classname="PostTests" time="3.474"/>
  <testcase name="Update_Comment" classname="CommentsTests" time="0.429"/>
  <testcase name="Update_Invalid_Comment" classname="CommentsTests" time="0.735">
    <failure message="1 expectation failed.&#10;Expected status code &lt;406&gt; but was &lt;200&gt;.&#10;" type="java.lang.AssertionError"><![CDATA[java.lang.AssertionError: 
1 expectation failed.
Expected status code <406> but was <200>.

	at CommentsTests.Update_Invalid_Comment(CommentsTests.java:173)
]]></failure>
    <system-out><![CDATA[HTTP/1.1 200 OK
Server: Cowboy
Connection: keep-alive
Access-Control-Allow-Credentials: true
Access-Control-Allow-Headers: X-Requested-With, Content-Type, Origin, Authorization, Accept, Client-Security-Token, Accept-Encoding, x-access-token
Access-Control-Allow-Methods: POST, GET, OPTIONS, PUT, DELETE, UPDATE
Access-Control-Allow-Origin: http://localhost
Access-Control-Expose-Headers: Content-Length
Access-Control-Max-Age: 86400
Content-Encoding: gzip
Content-Type: application/json; charset=utf-8
Vary: Accept-Encoding
X-Request-Id: d664e080-136e-4cf5-9ac3-023d42ca7712
Date: Fri, 20 Aug 2021 01:14:34 GMT
Content-Length: 53
Via: 1.1 vegur

{
    "message": "Comment updated"
}
]]></system-out>
  </testcase>
  <testcase name="createPost" classname="PostTests" time="0.351"/>
  <testcase name="createComment" classname="CommentsTests" time="2.244"/>
  <testcase name="createPost" classname="CommentsTests" time="1.532"/>
</testsuite>